<?xml version="1.0" encoding="UTF-8"?>
<testsuite xmlns:xsi="http://www.w3.org/2001/XMLSchema-instance" xsi:noNamespaceSchemaLocation="https://maven.apache.org/surefire/maven-surefire-plugin/xsd/surefire-test-report.xsd" name="br.com.nex2you.api.resource.CurrencyExchangeControllerTest" time="1.24" tests="2" errors="0" skipped="0" failures="0">
  <properties>
[...]
</properties>
  <testcase name="imHealthy" classname="br.com.nex2you.api.resource.CurrencyExchangeControllerTest" time="0.188"/>
  <testcase name="retrieveExchangeValue" classname="br.com.nex2you.api.resource.CurrencyExchangeControllerTest" time="0.119"/>
</testsuite>